** ComfyUI startup time: 2024-02-21 12:21:27.564223
[2024-02-21 12:21] ** Platform: Windows
[2024-02-21 12:21] ** Python version: 3.10.9 (tags/v3.10.9:1dd9be6, Dec  6 2022, 20:01:21) [MSC v.1934 64 bit (AMD64)]
[2024-02-21 12:21] ** Python executable: c:\Users\kacpe\AppData\Local\Programs\Python\Python310\python.exe
[2024-02-21 12:21] ** Log path: C:\Users\kacpe\Desktop\Inzynierka\VisuAlise\comfyui.log
[2024-02-21 12:21] 
Prestartup times for custom nodes:
[2024-02-21 12:21]    0.0 seconds: C:\Users\kacpe\Desktop\Inzynierka\VisuAlise\repositories\ComfyUI-master\custom_nodes\rgthree-comfy
[2024-02-21 12:21]    0.1 seconds: C:\Users\kacpe\Desktop\Inzynierka\VisuAlise\repositories\ComfyUI-master\custom_nodes\ComfyUI-Manager
[2024-02-21 12:21] 
[2024-02-21 12:21] Total VRAM 6144 MB, total RAM 32710 MB
[2024-02-21 12:21] Set vram state to: NORMAL_VRAM
[2024-02-21 12:21] Device: cuda:0 NVIDIA GeForce GTX 1060 6GB : cudaMallocAsync
[2024-02-21 12:21] VAE dtype: torch.float32
[2024-02-21 12:21] Using pytorch cross attention
[2024-02-21 12:21] Adding extra search path checkpoints C:\Users\kacpe\AI\SD\stable-diffusion-webui\models/Stable-diffusion
[2024-02-21 12:21] Adding extra search path configs C:\Users\kacpe\AI\SD\stable-diffusion-webui\models/Stable-diffusion
[2024-02-21 12:21] Adding extra search path controlnet C:\Users\kacpe\AI\SD\stable-diffusion-webui\models/ControlNet
[2024-02-21 12:21] Adding extra search path embeddings C:\Users\kacpe\AI\SD\stable-diffusion-webui\embeddings
[2024-02-21 12:21] Adding extra search path hypernetworks C:\Users\kacpe\AI\SD\stable-diffusion-webui\models/hypernetworks
[2024-02-21 12:21] Adding extra search path loras C:\Users\kacpe\AI\SD\stable-diffusion-webui\models/Lora
[2024-02-21 12:21] Adding extra search path loras C:\Users\kacpe\AI\SD\stable-diffusion-webui\models/LyCORIS
[2024-02-21 12:21] Adding extra search path upscale_models C:\Users\kacpe\AI\SD\stable-diffusion-webui\models/ESRGAN
[2024-02-21 12:21] Adding extra search path upscale_models C:\Users\kacpe\AI\SD\stable-diffusion-webui\models/RealESRGAN
[2024-02-21 12:21] Adding extra search path upscale_models C:\Users\kacpe\AI\SD\stable-diffusion-webui\models/SwinIR
[2024-02-21 12:21] Adding extra search path vae C:\Users\kacpe\AI\SD\stable-diffusion-webui\models/VAE
[2024-02-21 12:21] ### Loading: ComfyUI-Manager (V2.7.2)
[2024-02-21 12:21] ### ComfyUI Revision: 1983 [805c36ac] | Released on '2024-02-17'
[2024-02-21 12:21] 
[2024-02-21 12:21] [92m[rgthree] Loaded 34 magnificent nodes.[0m
[2024-02-21 12:21] [92m[rgthree] Will use rgthree's optimized recursive execution.[0m
[2024-02-21 12:21] 
[2024-02-21 12:21] [ComfyUI-Manager] default cache updated: https://raw.githubusercontent.com/ltdrdata/ComfyUI-Manager/main/model-list.json
[2024-02-21 12:21] [ComfyUI-Manager] default cache updated: https://raw.githubusercontent.com/ltdrdata/ComfyUI-Manager/main/alter-list.json
[2024-02-21 12:21] [ComfyUI-Manager] default cache updated: https://raw.githubusercontent.com/ltdrdata/ComfyUI-Manager/main/custom-node-list.json
[2024-02-21 12:21] [ComfyUI-Manager] default cache updated: https://raw.githubusercontent.com/ltdrdata/ComfyUI-Manager/main/extension-node-map.json
[2024-02-21 12:21] [34mWAS Node Suite: [0mOpenCV Python FFMPEG support is enabled[0m
[2024-02-21 12:21] [34mWAS Node Suite [93mWarning: [0m`ffmpeg_bin_path` is not set in `C:\Users\kacpe\Desktop\Inzynierka\VisuAlise\repositories\ComfyUI-master\custom_nodes\was-node-suite-comfyui\was_suite_config.json` config file. Will attempt to use system ffmpeg binaries if available.[0m
[2024-02-21 12:21] [34mWAS Node Suite: [0mFinished.[0m [32mLoaded[0m [0m211[0m [32mnodes successfully.[0m
[2024-02-21 12:21] 
	[3m[93m"Every artist dips his brush in his own soul, and paints his own nature into his pictures."[0m[3m - Henry Ward Beecher[0m
[2024-02-21 12:21] 
[2024-02-21 12:21] 
Import times for custom nodes:
[2024-02-21 12:21]    0.1 seconds: C:\Users\kacpe\Desktop\Inzynierka\VisuAlise\repositories\ComfyUI-master\custom_nodes\rgthree-comfy
[2024-02-21 12:21]    0.8 seconds: C:\Users\kacpe\Desktop\Inzynierka\VisuAlise\repositories\ComfyUI-master\custom_nodes\ComfyUI-Manager
[2024-02-21 12:21]    2.3 seconds: C:\Users\kacpe\Desktop\Inzynierka\VisuAlise\repositories\ComfyUI-master\custom_nodes\additional_nodes
[2024-02-21 12:21]    8.5 seconds: C:\Users\kacpe\Desktop\Inzynierka\VisuAlise\repositories\ComfyUI-master\custom_nodes\was-node-suite-comfyui
[2024-02-21 12:21] 
[2024-02-21 12:21] Starting server
[2024-02-21 12:21] 
[2024-02-21 12:21] To see the GUI go to: http://127.0.0.1:8188
[2024-02-21 12:21] got prompt
[2024-02-21 12:21] [32m[rgthree] Using rgthree's optimized recursive execution.[0m
[2024-02-21 12:21] [32m[rgthree][0m First run patching recursive_output_delete_if_changed and recursive_will_execute.[0m
[2024-02-21 12:21] [33m[rgthree] Note: [0mIf execution seems broken due to forward ComfyUI changes, you can disable the optimization from rgthree settings in ComfyUI.[0m
[2024-02-21 12:21] model_type EPS
[2024-02-21 12:21] adm 0
[2024-02-21 12:21] Using pytorch attention in VAE
[2024-02-21 12:21] Working with z of shape (1, 4, 32, 32) = 4096 dimensions.
[2024-02-21 12:21] Using pytorch attention in VAE
[2024-02-21 12:21] missing {'cond_stage_model.clip_l.text_projection', 'cond_stage_model.clip_l.logit_scale'}
[2024-02-21 12:21] left over keys: dict_keys(['cond_stage_model.clip_l.transformer.text_model.embeddings.position_ids'])
[2024-02-21 12:21] Requested to load SD1ClipModel
[2024-02-21 12:21] Loading 1 new model
[2024-02-21 12:21] Requested to load BaseModel
[2024-02-21 12:21] Loading 1 new model
100%|███████████████████████████████████████████████████████████████████████████████████████████████████████████████████████████████████████████████████████████████████████████████████████████████████████| 25/25 [00:33<00:00,  1.35s/it]100%|███████████████████████████████████████████████████████████████████████████████████████████████████████████████████████████████████████████████████████████████████████████████████████████████████████| 25/25 [00:33<00:00,  1.35s/it]
[2024-02-21 12:22] Requested to load AutoencoderKL
[2024-02-21 12:22] Loading 1 new model
[2024-02-21 12:22] Prompt executed in 44.03 seconds
[2024-02-21 12:24] got prompt
[2024-02-21 12:24] [32m[rgthree] Using rgthree's optimized recursive execution.[0m
[2024-02-21 12:24] Requested to load SD1ClipModel
[2024-02-21 12:24] Loading 1 new model
[2024-02-21 12:24] Requested to load BaseModel
[2024-02-21 12:24] Loading 1 new model
[2024-02-21 12:24] 100%|███████████████████████████████████████████████████████████████████████████████████████████████████████████████████████████████████████████████████████████████████████████████████████████████████████| 25/25 [00:31<00:00,  1.28s/it]100%|███████████████████████████████████████████████████████████████████████████████████████████████████████████████████████████████████████████████████████████████████████████████████████████████████████| 25/25 [00:31<00:00,  1.27s/it]
[2024-02-21 12:24] Requested to load AutoencoderKL
[2024-02-21 12:24] Loading 1 new model
[2024-02-21 12:24] Prompt executed in 39.13 seconds
[2024-02-21 12:29] got prompt
[2024-02-21 12:29] [32m[rgthree] Using rgthree's optimized recursive execution.[0m
[2024-02-21 12:29] Requested to load SD1ClipModel
[2024-02-21 12:29] Loading 1 new model
[2024-02-21 12:29] Requested to load BaseModel
[2024-02-21 12:29] Loading 1 new model
[2024-02-21 12:30] 100%|███████████████████████████████████████████████████████████████████████████████████████████████████████████████████████████████████████████████████████████████████████████████████████████████████████| 25/25 [00:33<00:00,  1.32s/it]100%|███████████████████████████████████████████████████████████████████████████████████████████████████████████████████████████████████████████████████████████████████████████████████████████████████████| 25/25 [00:33<00:00,  1.34s/it]
[2024-02-21 12:30] Requested to load AutoencoderKL
[2024-02-21 12:30] Loading 1 new model
[2024-02-21 12:30] Prompt executed in 41.85 seconds
[2024-02-21 14:03] got prompt
[2024-02-21 14:03] [32m[rgthree] Using rgthree's optimized recursive execution.[0m
[2024-02-21 14:03] got prompt
[2024-02-21 14:03] Requested to load SD1ClipModelgot prompt
[2024-02-21 14:03] 
[2024-02-21 14:03] Loading 1 new model
[2024-02-21 14:03] got prompt
[2024-02-21 14:03] Requested to load BaseModel
[2024-02-21 14:03] Loading 1 new model
[2024-02-21 14:04] 100%|███████████████████████████████████████████████████████████████████████████████████████████████████████████████████████████████████████████████████████████████████████████████████████████████████████| 25/25 [00:34<00:00,  1.44s/it]100%|███████████████████████████████████████████████████████████████████████████████████████████████████████████████████████████████████████████████████████████████████████████████████████████████████████| 25/25 [00:34<00:00,  1.40s/it]
[2024-02-21 14:04] Requested to load AutoencoderKL
[2024-02-21 14:04] Loading 1 new model
[2024-02-21 14:04] Prompt executed in 52.92 seconds
[2024-02-21 14:04] [32m[rgthree] Using rgthree's optimized recursive execution.[0m
[2024-02-21 14:04] Requested to load BaseModel
[2024-02-21 14:04] Loading 1 new model
[2024-02-21 14:04] 100%|███████████████████████████████████████████████████████████████████████████████████████████████████████████████████████████████████████████████████████████████████████████████████████████████████████| 25/25 [00:32<00:00,  1.29s/it]100%|███████████████████████████████████████████████████████████████████████████████████████████████████████████████████████████████████████████████████████████████████████████████████████████████████████| 25/25 [00:32<00:00,  1.30s/it]
[2024-02-21 14:04] Requested to load AutoencoderKL
[2024-02-21 14:04] Loading 1 new model
[2024-02-21 14:05] Prompt executed in 39.14 seconds
[2024-02-21 14:05] [32m[rgthree] Using rgthree's optimized recursive execution.[0m
[2024-02-21 14:05] Requested to load BaseModel
[2024-02-21 14:05] Loading 1 new model
[2024-02-21 14:05] 100%|███████████████████████████████████████████████████████████████████████████████████████████████████████████████████████████████████████████████████████████████████████████████████████████████████████| 25/25 [00:33<00:00,  1.29s/it]100%|███████████████████████████████████████████████████████████████████████████████████████████████████████████████████████████████████████████████████████████████████████████████████████████████████████| 25/25 [00:33<00:00,  1.33s/it]
[2024-02-21 14:05] Requested to load AutoencoderKL
[2024-02-21 14:05] Loading 1 new model
[2024-02-21 14:05] Prompt executed in 39.88 seconds
[2024-02-21 14:05] [32m[rgthree] Using rgthree's optimized recursive execution.[0m
[2024-02-21 14:05] Requested to load BaseModel
[2024-02-21 14:05] Loading 1 new model
[2024-02-21 14:06] 100%|███████████████████████████████████████████████████████████████████████████████████████████████████████████████████████████████████████████████████████████████████████████████████████████████████████| 25/25 [00:32<00:00,  1.28s/it]100%|███████████████████████████████████████████████████████████████████████████████████████████████████████████████████████████████████████████████████████████████████████████████████████████████████████| 25/25 [00:32<00:00,  1.30s/it]
[2024-02-21 14:06] Requested to load AutoencoderKL
[2024-02-21 14:06] Loading 1 new model
[2024-02-21 14:06] Prompt executed in 39.21 seconds
