** ComfyUI startup time: 2024-02-21 09:52:34.619832
[2024-02-21 09:52] ** Platform: Windows
[2024-02-21 09:52] ** Python version: 3.10.9 (tags/v3.10.9:1dd9be6, Dec  6 2022, 20:01:21) [MSC v.1934 64 bit (AMD64)]
[2024-02-21 09:52] ** Python executable: c:\Users\kacpe\AppData\Local\Programs\Python\Python310\python.exe
[2024-02-21 09:52] ** Log path: C:\Users\kacpe\Desktop\Inzynierka\VisuAlise\comfyui.log
[2024-02-21 09:52] 
Prestartup times for custom nodes:
[2024-02-21 09:52]    0.0 seconds: C:\Users\kacpe\Desktop\Inzynierka\VisuAlise\repositories\ComfyUI-master\custom_nodes\rgthree-comfy
[2024-02-21 09:52]    0.1 seconds: C:\Users\kacpe\Desktop\Inzynierka\VisuAlise\repositories\ComfyUI-master\custom_nodes\ComfyUI-Manager
[2024-02-21 09:52] 
[2024-02-21 09:52] Total VRAM 6144 MB, total RAM 32710 MB
[2024-02-21 09:52] Set vram state to: NORMAL_VRAM
[2024-02-21 09:52] Device: cuda:0 NVIDIA GeForce GTX 1060 6GB : cudaMallocAsync
[2024-02-21 09:52] VAE dtype: torch.float32
[2024-02-21 09:52] Using pytorch cross attention
[2024-02-21 09:52] Adding extra search path checkpoints C:\Users\kacpe\AI\SD\stable-diffusion-webui\models/Stable-diffusion
[2024-02-21 09:52] Adding extra search path configs C:\Users\kacpe\AI\SD\stable-diffusion-webui\models/Stable-diffusion
[2024-02-21 09:52] Adding extra search path controlnet C:\Users\kacpe\AI\SD\stable-diffusion-webui\models/ControlNet
[2024-02-21 09:52] Adding extra search path embeddings C:\Users\kacpe\AI\SD\stable-diffusion-webui\embeddings
[2024-02-21 09:52] Adding extra search path hypernetworks C:\Users\kacpe\AI\SD\stable-diffusion-webui\models/hypernetworks
[2024-02-21 09:52] Adding extra search path loras C:\Users\kacpe\AI\SD\stable-diffusion-webui\models/Lora
[2024-02-21 09:52] Adding extra search path loras C:\Users\kacpe\AI\SD\stable-diffusion-webui\models/LyCORIS
[2024-02-21 09:52] Adding extra search path upscale_models C:\Users\kacpe\AI\SD\stable-diffusion-webui\models/ESRGAN
[2024-02-21 09:52] Adding extra search path upscale_models C:\Users\kacpe\AI\SD\stable-diffusion-webui\models/RealESRGAN
[2024-02-21 09:52] Adding extra search path upscale_models C:\Users\kacpe\AI\SD\stable-diffusion-webui\models/SwinIR
[2024-02-21 09:52] Adding extra search path vae C:\Users\kacpe\AI\SD\stable-diffusion-webui\models/VAE
[2024-02-21 09:52] ### Loading: ComfyUI-Manager (V2.7.2)
[2024-02-21 09:52] ### ComfyUI Revision: 1983 [805c36ac] | Released on '2024-02-17'
[2024-02-21 09:52] 
[2024-02-21 09:52] [92m[rgthree] Loaded 34 fantastic nodes.[0m
[2024-02-21 09:52] [92m[rgthree] Will use rgthree's optimized recursive execution.[0m
[2024-02-21 09:52] 
[2024-02-21 09:52] [ComfyUI-Manager] default cache updated: https://raw.githubusercontent.com/ltdrdata/ComfyUI-Manager/main/model-list.json
[2024-02-21 09:52] [ComfyUI-Manager] default cache updated: https://raw.githubusercontent.com/ltdrdata/ComfyUI-Manager/main/extension-node-map.json
[2024-02-21 09:52] [ComfyUI-Manager] default cache updated: https://raw.githubusercontent.com/ltdrdata/ComfyUI-Manager/main/alter-list.json
[2024-02-21 09:52] [ComfyUI-Manager] default cache updated: https://raw.githubusercontent.com/ltdrdata/ComfyUI-Manager/main/custom-node-list.json
[2024-02-21 09:52] [34mWAS Node Suite: [0mOpenCV Python FFMPEG support is enabled[0m
[2024-02-21 09:52] [34mWAS Node Suite [93mWarning: [0m`ffmpeg_bin_path` is not set in `C:\Users\kacpe\Desktop\Inzynierka\VisuAlise\repositories\ComfyUI-master\custom_nodes\was-node-suite-comfyui\was_suite_config.json` config file. Will attempt to use system ffmpeg binaries if available.[0m
[2024-02-21 09:52] [34mWAS Node Suite: [0mFinished.[0m [32mLoaded[0m [0m211[0m [32mnodes successfully.[0m
[2024-02-21 09:52] 
	[3m[93m"Art is the mirror that reflects the beauty within us."[0m[3m - Unknown[0m
[2024-02-21 09:52] 
[2024-02-21 09:52] 
Import times for custom nodes:
[2024-02-21 09:52]    0.1 seconds: C:\Users\kacpe\Desktop\Inzynierka\VisuAlise\repositories\ComfyUI-master\custom_nodes\rgthree-comfy
[2024-02-21 09:52]    0.9 seconds: C:\Users\kacpe\Desktop\Inzynierka\VisuAlise\repositories\ComfyUI-master\custom_nodes\ComfyUI-Manager
[2024-02-21 09:52]    2.8 seconds: C:\Users\kacpe\Desktop\Inzynierka\VisuAlise\repositories\ComfyUI-master\custom_nodes\additional_nodes
[2024-02-21 09:52]    9.4 seconds: C:\Users\kacpe\Desktop\Inzynierka\VisuAlise\repositories\ComfyUI-master\custom_nodes\was-node-suite-comfyui
[2024-02-21 09:52] 
[2024-02-21 09:52] Starting server
[2024-02-21 09:52] 
[2024-02-21 09:52] To see the GUI go to: http://127.0.0.1:8188
[2024-02-21 09:53] got prompt
[2024-02-21 09:53] [32m[rgthree] Using rgthree's optimized recursive execution.[0m
[2024-02-21 09:53] [32m[rgthree][0m First run patching recursive_output_delete_if_changed and recursive_will_execute.[0m
[2024-02-21 09:53] [33m[rgthree] Note: [0mIf execution seems broken due to forward ComfyUI changes, you can disable the optimization from rgthree settings in ComfyUI.[0m
[2024-02-21 09:53] got prompt
[2024-02-21 09:53] got prompt
[2024-02-21 09:53] got prompt
[2024-02-21 09:53] model_type EPS
[2024-02-21 09:53] adm 0
[2024-02-21 09:53] Using pytorch attention in VAE
[2024-02-21 09:53] Working with z of shape (1, 4, 32, 32) = 4096 dimensions.
[2024-02-21 09:53] Using pytorch attention in VAE
[2024-02-21 09:53] missing {'cond_stage_model.clip_l.logit_scale', 'cond_stage_model.clip_l.text_projection'}
[2024-02-21 09:53] left over keys: dict_keys(['cond_stage_model.clip_l.transformer.text_model.embeddings.position_ids'])
[2024-02-21 09:53] Requested to load SD1ClipModel
[2024-02-21 09:53] Loading 1 new model
[2024-02-21 09:53] Requested to load BaseModel
[2024-02-21 09:53] Loading 1 new model
100%|███████████████████████████████████████████████████████████████████████████████████████████████████████████████████████████████████████████████████████████████████████████████████████████████████████| 25/25 [00:34<00:00,  1.37s/it]100%|███████████████████████████████████████████████████████████████████████████████████████████████████████████████████████████████████████████████████████████████████████████████████████████████████████| 25/25 [00:34<00:00,  1.40s/it]
[2024-02-21 09:53] Requested to load AutoencoderKL
[2024-02-21 09:53] Loading 1 new model
[2024-02-21 09:53] Prompt executed in 46.66 seconds
[2024-02-21 09:53] [32m[rgthree] Using rgthree's optimized recursive execution.[0m
[2024-02-21 09:53] Requested to load BaseModel
[2024-02-21 09:53] Loading 1 new model
[2024-02-21 09:54] 100%|███████████████████████████████████████████████████████████████████████████████████████████████████████████████████████████████████████████████████████████████████████████████████████████████████████| 25/25 [00:33<00:00,  1.29s/it]100%|███████████████████████████████████████████████████████████████████████████████████████████████████████████████████████████████████████████████████████████████████████████████████████████████████████| 25/25 [00:33<00:00,  1.35s/it]
[2024-02-21 09:54] Requested to load AutoencoderKL
[2024-02-21 09:54] Loading 1 new model
[2024-02-21 09:54] Prompt executed in 41.61 seconds
[2024-02-21 09:54] [32m[rgthree] Using rgthree's optimized recursive execution.[0m
[2024-02-21 09:54] Requested to load BaseModel
[2024-02-21 09:54] Loading 1 new model
[2024-02-21 09:55] 100%|███████████████████████████████████████████████████████████████████████████████████████████████████████████████████████████████████████████████████████████████████████████████████████████████████████| 25/25 [00:34<00:00,  1.37s/it]100%|███████████████████████████████████████████████████████████████████████████████████████████████████████████████████████████████████████████████████████████████████████████████████████████████████████| 25/25 [00:34<00:00,  1.38s/it]
[2024-02-21 09:55] Requested to load AutoencoderKL
[2024-02-21 09:55] Loading 1 new model
[2024-02-21 09:55] Prompt executed in 41.86 seconds
[2024-02-21 09:55] [32m[rgthree] Using rgthree's optimized recursive execution.[0m
[2024-02-21 09:55] Requested to load BaseModel
[2024-02-21 09:55] Loading 1 new model
[2024-02-21 09:55] 100%|███████████████████████████████████████████████████████████████████████████████████████████████████████████████████████████████████████████████████████████████████████████████████████████████████████| 25/25 [00:34<00:00,  1.36s/it]100%|███████████████████████████████████████████████████████████████████████████████████████████████████████████████████████████████████████████████████████████████████████████████████████████████████████| 25/25 [00:34<00:00,  1.39s/it]
[2024-02-21 09:55] Requested to load AutoencoderKL
[2024-02-21 09:55] Loading 1 new model
[2024-02-21 09:55] Prompt executed in 42.50 seconds
[2024-02-21 10:00] got prompt
[2024-02-21 10:00] [32m[rgthree] Using rgthree's optimized recursive execution.[0m
[2024-02-21 10:00] got prompt
[2024-02-21 10:00] Requested to load SD1ClipModel
[2024-02-21 10:00] Loading 1 new model
[2024-02-21 10:00] got prompt
[2024-02-21 10:00] got prompt
[2024-02-21 10:00] Requested to load BaseModel
[2024-02-21 10:00] Loading 1 new model
[2024-02-21 10:01] 100%|███████████████████████████████████████████████████████████████████████████████████████████████████████████████████████████████████████████████████████████████████████████████████████████████████████| 25/25 [00:33<00:00,  1.30s/it]100%|███████████████████████████████████████████████████████████████████████████████████████████████████████████████████████████████████████████████████████████████████████████████████████████████████████| 25/25 [00:33<00:00,  1.35s/it]
[2024-02-21 10:01] Requested to load AutoencoderKL
[2024-02-21 10:01] Loading 1 new model
[2024-02-21 10:01] Prompt executed in 41.33 seconds
[2024-02-21 10:01] [32m[rgthree] Using rgthree's optimized recursive execution.[0m
[2024-02-21 10:01] Requested to load BaseModel
[2024-02-21 10:01] Loading 1 new model
[2024-02-21 10:02] 100%|███████████████████████████████████████████████████████████████████████████████████████████████████████████████████████████████████████████████████████████████████████████████████████████████████████| 25/25 [00:32<00:00,  1.38s/it]100%|███████████████████████████████████████████████████████████████████████████████████████████████████████████████████████████████████████████████████████████████████████████████████████████████████████| 25/25 [00:32<00:00,  1.32s/it]
[2024-02-21 10:02] Requested to load AutoencoderKL
[2024-02-21 10:02] Loading 1 new model
[2024-02-21 10:02] Prompt executed in 40.55 seconds
[2024-02-21 10:02] [32m[rgthree] Using rgthree's optimized recursive execution.[0m
[2024-02-21 10:02] Requested to load BaseModel
[2024-02-21 10:02] Loading 1 new model
[2024-02-21 10:02] 100%|█████████████████████████████████████████████████████████████████████████████████████████████████████| 25/25 [00:33<00:00,  1.37s/it]100%|█████████████████████████████████████████████████████████████████████████████████████████████████████| 25/25 [00:33<00:00,  1.35s/it]
[2024-02-21 10:02] Requested to load AutoencoderKL
[2024-02-21 10:02] Loading 1 new model
[2024-02-21 10:02] Prompt executed in 41.25 seconds
[2024-02-21 10:02] [32m[rgthree] Using rgthree's optimized recursive execution.[0m
[2024-02-21 10:02] Requested to load BaseModel
[2024-02-21 10:02] Loading 1 new model
[2024-02-21 10:03] 100%|███████████████████████████████████████████████████████████████████████████████████████████████████████████████████████████████████████████████████████████████████████████████████████████████████████| 25/25 [00:33<00:00,  1.30s/it]100%|███████████████████████████████████████████████████████████████████████████████████████████████████████████████████████████████████████████████████████████████████████████████████████████████████████| 25/25 [00:33<00:00,  1.33s/it]
[2024-02-21 10:03] Requested to load AutoencoderKL
[2024-02-21 10:03] Loading 1 new model
[2024-02-21 10:03] Prompt executed in 40.07 seconds
[2024-02-21 10:09] 
Stopped server
